<?xml version="1.0" encoding="UTF-8"?>
<testng-results skipped="0" failed="0" ignored="0" total="6" passed="6">
  <reporter-output>
  </reporter-output>
  <suite name="Surefire suite" duration-ms="104" started-at="2021-01-18T15:41:22 IST" finished-at="2021-01-18T15:41:22 IST">
    <groups>
    </groups>
    <test name="Surefire test" duration-ms="104" started-at="2021-01-18T15:41:22 IST" finished-at="2021-01-18T15:41:22 IST">
      <class name="qaclickacademy.AppiumTest">
        <test-method status="PASS" signature="IOSApps()[pri:0, instance:qaclickacademy.AppiumTest@5a1c0542]" name="IOSApps" duration-ms="8" started-at="2021-01-18T15:41:22 IST" finished-at="2021-01-18T15:41:22 IST">
          <reporter-output>
          </reporter-output>
        </test-method> <!-- IOSApps -->
        <test-method status="PASS" signature="nativeAppAndroid()[pri:0, instance:qaclickacademy.AppiumTest@5a1c0542]" name="nativeAppAndroid" duration-ms="1" started-at="2021-01-18T15:41:22 IST" finished-at="2021-01-18T15:41:22 IST">
          <reporter-output>
          </reporter-output>
        </test-method> <!-- nativeAppAndroid -->
      </class> <!-- qaclickacademy.AppiumTest -->
      <class name="qaclickacademy.RESTAPITest">
        <test-method status="PASS" signature="deleteTwitter()[pri:0, instance:qaclickacademy.RESTAPITest@396f6598]" name="deleteTwitter" duration-ms="0" started-at="2021-01-18T15:41:22 IST" finished-at="2021-01-18T15:41:22 IST">
          <reporter-output>
          </reporter-output>
        </test-method> <!-- deleteTwitter -->
        <test-method status="PASS" signature="postJira()[pri:0, instance:qaclickacademy.RESTAPITest@396f6598]" name="postJira" duration-ms="1" started-at="2021-01-18T15:41:22 IST" finished-at="2021-01-18T15:41:22 IST">
          <reporter-output>
          </reporter-output>
        </test-method> <!-- postJira -->
      </class> <!-- qaclickacademy.RESTAPITest -->
      <class name="qaclickacademy.SeleniumTest">
        <test-method status="PASS" signature="BrowserAutomation()[pri:0, instance:qaclickacademy.SeleniumTest@394e1a0f]" name="BrowserAutomation" duration-ms="0" started-at="2021-01-18T15:41:22 IST" finished-at="2021-01-18T15:41:22 IST">
          <reporter-output>
          </reporter-output>
        </test-method> <!-- BrowserAutomation -->
        <test-method status="PASS" signature="elementsUi()[pri:0, instance:qaclickacademy.SeleniumTest@394e1a0f]" name="elementsUi" duration-ms="1" started-at="2021-01-18T15:41:22 IST" finished-at="2021-01-18T15:41:22 IST">
          <reporter-output>
          </reporter-output>
        </test-method> <!-- elementsUi -->
      </class> <!-- qaclickacademy.SeleniumTest -->
    </test> <!-- Surefire test -->
  </suite> <!-- Surefire suite -->
</testng-results>
